<?xml version="1.0" encoding="UTF-8"?>
<!-- Generated by org.testng.reporters.JUnitReportReporter -->
<testsuite skipped="0" hostname="C100-17" name="com.test.Great" tests="1" failures="0" timestamp="25 Jun 2018 09:59:16 GMT" time="14.560" errors="0">
  <testcase name="run_test" time="14.560" classname="com.test.Great"/>
</testsuite> <!-- com.test.Great -->
