<?xml version="1.0" encoding="UTF-8"?>
<!-- Generated by org.testng.reporters.JUnitReportReporter -->
<testsuite skipped="0" hostname="C100-17" name="com.test.LoginTest" tests="2" failures="0" timestamp="25 Jun 2018 09:59:16 GMT" time="16.781" errors="0">
  <testcase name="login_Test" time="10.038" classname="com.test.LoginTest"/>
  <testcase name="login" time="6.743" classname="com.test.LoginTest"/>
</testsuite> <!-- com.test.LoginTest -->
