<?xml version="1.0" encoding="UTF-8"?>
<!-- Generated by org.testng.reporters.JUnitReportReporter -->
<testsuite skipped="0" hostname="C100-17" name="DemoSikuli" tests="1" failures="0" timestamp="24 Sep 2018 04:53:51 GMT" time="30.844" errors="0">
  <testcase name="demo" time="30.844" classname="DemoSikuli"/>
</testsuite> <!-- DemoSikuli -->
