<?xml version="1.0" encoding="UTF-8"?>
<!-- Generated by org.testng.reporters.JUnitReportReporter -->
<testsuite hostname="C100-17" name="version3.Demo" tests="1" failures="0" timestamp="18 Jun 2018 11:50:10 GMT" time="17.866" errors="0">
  <testcase name="test" time="17.866" classname="version3.Demo"/>
</testsuite> <!-- version3.Demo -->
