<?xml version="1.0" encoding="UTF-8"?>
<!-- Generated by org.testng.reporters.JUnitReportReporter -->
<testsuite skipped="0" hostname="C100-17" name="demo.CreateStudent" tests="1" failures="0" timestamp="17 Sep 2018 09:01:59 GMT" time="1.381" errors="0">
  <testcase name="create_student" time="1.381" classname="demo.CreateStudent"/>
</testsuite> <!-- demo.CreateStudent -->
