<?xml version="1.0" encoding="UTF-8"?>
<!-- Generated by org.testng.reporters.JUnitReportReporter -->
<testsuite skipped="0" hostname="C100-17" name="demo.SearchStudent" tests="1" failures="0" timestamp="17 Sep 2018 09:01:59 GMT" time="41.542" errors="0">
  <testcase name="search_stu" time="41.542" classname="demo.SearchStudent"/>
</testsuite> <!-- demo.SearchStudent -->
