<?xml version="1.0" encoding="UTF-8"?>
<!-- Generated by org.testng.reporters.JUnitReportReporter -->
<testsuite skipped="0" hostname="C100-17" name="demo.NewTest" tests="2" failures="0" timestamp="17 Sep 2018 09:01:59 GMT" time="20.744" errors="0">
  <testcase name="open" time="18.564" classname="demo.NewTest"/>
  <testcase name="Login" time="2.180" classname="demo.NewTest"/>
</testsuite> <!-- demo.NewTest -->
