<?xml version="1.0" encoding="UTF-8"?>
<!-- Generated by org.testng.reporters.JUnitReportReporter -->
<testsuite skipped="0" hostname="C100-17" name="test.GroupTestCases" tests="4" failures="0" timestamp="23 Feb 2018 10:55:35 GMT" time="0.019" errors="0">
  <testcase name="C" time="0.002" classname="test.GroupTestCases"/>
  <testcase name="A" time="0.010" classname="test.GroupTestCases"/>
  <testcase name="D" time="0.005" classname="test.GroupTestCases"/>
  <testcase name="B" time="0.002" classname="test.GroupTestCases"/>
</testsuite> <!-- test.GroupTestCases -->
