<?xml version="1.0" encoding="UTF-8"?>
<!-- Generated by org.testng.reporters.JUnitReportReporter -->
<testsuite skipped="0" hostname="C100-17" name="com.kunal.testcases.VerifyLogin" tests="2" failures="0" timestamp="24 May 2018 05:03:48 GMT" time="17.211" errors="0">
  <testcase name="Logintest" time="9.587" classname="com.kunal.testcases.VerifyLogin"/>
  <testcase name="Logintest_invalid" time="7.624" classname="com.kunal.testcases.VerifyLogin"/>
</testsuite> <!-- com.kunal.testcases.VerifyLogin -->
