<?xml version="1.0" encoding="UTF-8"?>
<!-- Generated by org.testng.reporters.JUnitReportReporter -->
<testsuite skipped="0" hostname="C100-17" name="com.demo.log.DemoLog" tests="1" failures="0" timestamp="25 May 2018 06:13:32 GMT" time="12.843" errors="0">
  <testcase name="test" time="12.843" classname="com.demo.log.DemoLog"/>
</testsuite> <!-- com.demo.log.DemoLog -->
