<?xml version="1.0" encoding="UTF-8"?>
<!-- Generated by org.testng.reporters.JUnitReportReporter -->
<testsuite hostname="C100-17" name="com.kunal.ExtentReportDemo" tests="2" failures="0" timestamp="18 Apr 2018 06:11:54 GMT" time="6.788" errors="0">
  <testcase name="demo" time="0.286" classname="com.kunal.ExtentReportDemo"/>
  <testcase name="test" time="6.502" classname="com.kunal.ExtentReportDemo"/>
</testsuite> <!-- com.kunal.ExtentReportDemo -->
