<?xml version="1.0" encoding="UTF-8"?>
<!-- Generated by org.testng.reporters.JUnitReportReporter -->
<testsuite hostname="C100-17" name="com.kunal.DemoExtent" tests="1" failures="0" timestamp="18 Apr 2018 05:50:04 GMT" time="12.913" errors="0">
  <testcase name="verifyBlogTitle" time="12.913" classname="com.kunal.DemoExtent"/>
</testsuite> <!-- com.kunal.DemoExtent -->
