<?xml version="1.0" encoding="UTF-8"?>
<!-- Generated by org.testng.reporters.JUnitReportReporter -->
<testsuite skipped="0" hostname="C100-17" name="mavenJenkinsPrac.Demo" tests="3" failures="0" timestamp="09 Jun 2018 06:57:43 GMT" time="17.833" errors="0">
  <testcase name="scrollSelenium" time="9.509" classname="mavenJenkinsPrac.Demo"/>
  <testcase name="great_palce_to_work" time="6.531" classname="mavenJenkinsPrac.Demo"/>
  <testcase name="invalid" time="1.793" classname="mavenJenkinsPrac.Demo"/>
</testsuite> <!-- mavenJenkinsPrac.Demo -->
