<?xml version="1.0" encoding="UTF-8"?>
<!-- Generated by org.testng.reporters.JUnitReportReporter -->
<testsuite skipped="0" hostname="C100-17" name="com.SelectableItem" tests="1" failures="0" timestamp="05 Jun 2018 12:33:17 GMT" time="12.598" errors="0">
  <testcase name="run" time="12.598" classname="com.SelectableItem"/>
</testsuite> <!-- com.SelectableItem -->
