<?xml version="1.0" encoding="UTF-8"?>
<!-- Generated by org.testng.reporters.JUnitReportReporter -->
<testsuite skipped="0" hostname="C100-17" name="com.eventListber.Demo" tests="1" failures="0" timestamp="28 May 2018 05:50:35 GMT" time="12.766" errors="0">
  <testcase name="test" time="12.766" classname="com.eventListber.Demo"/>
</testsuite> <!-- com.eventListber.Demo -->
