<?xml version="1.0" encoding="UTF-8"?>
<!-- Generated by org.testng.reporters.JUnitReportReporter -->
<testsuite skipped="0" hostname="C100-17" name="com.table.Table" tests="1" failures="0" timestamp="12 Jun 2018 10:27:27 GMT" time="3.581" errors="0">
  <testcase name="handle_Table" time="3.581" classname="com.table.Table"/>
</testsuite> <!-- com.table.Table -->
