<?xml version="1.0" encoding="UTF-8"?>
<!-- Generated by org.testng.reporters.JUnitReportReporter -->
<testsuite skipped="0" hostname="C100-17" name="test.DemoJava" tests="1" failures="0" timestamp="22 May 2018 07:22:18 GMT" time="10.493" errors="0">
  <testcase name="test" time="10.493" classname="test.DemoJava"/>
</testsuite> <!-- test.DemoJava -->
