<?xml version="1.0" encoding="UTF-8"?>
<!-- Generated by org.testng.reporters.JUnitReportReporter -->
<testsuite skipped="0" hostname="C100-17" name="Synchronization.SynTest" tests="1" failures="0" timestamp="01 Jun 2018 05:46:37 GMT" time="20.794" errors="0">
  <testcase name="run" time="20.794" classname="Synchronization.SynTest"/>
</testsuite> <!-- Synchronization.SynTest -->
