<?xml version="1.0" encoding="UTF-8"?>
<!-- Generated by org.testng.reporters.JUnitReportReporter -->
<testsuite skipped="0" hostname="C100-17" name="totallink.Navigate" tests="1" failures="0" timestamp="01 Jun 2018 06:23:07 GMT" time="4.513" errors="0">
  <testcase name="run" time="4.513" classname="totallink.Navigate"/>
</testsuite> <!-- totallink.Navigate -->
