<?xml version="1.0" encoding="UTF-8"?>
<!-- Generated by org.testng.reporters.JUnitReportReporter -->
<testsuite skipped="0" hostname="C100-17" name="com.demo.P" tests="1" failures="0" timestamp="05 Jun 2018 06:15:48 GMT" time="10.500" errors="0">
  <testcase name="demoMethod" time="10.500" classname="com.demo.P"/>
</testsuite> <!-- com.demo.P -->
