<?xml version="1.0" encoding="UTF-8"?>
<!-- Generated by org.testng.reporters.JUnitReportReporter -->
<testsuite skipped="0" hostname="C100-17" name="HiddenElement" tests="1" failures="0" timestamp="30 Apr 2018 11:00:27 GMT" time="7.366" errors="0">
  <testcase name="hiddenDemo" time="7.366" classname="HiddenElement"/>
</testsuite> <!-- HiddenElement -->
