<?xml version="1.0" encoding="UTF-8"?>
<!-- Generated by org.testng.reporters.JUnitReportReporter -->
<testsuite skipped="0" hostname="C100-17" name="com.demo.email.SendEmail" tests="1" failures="0" timestamp="02 Aug 2018 06:37:49 GMT" time="4.659" errors="0">
  <testcase name="sentEmail" time="4.659" classname="com.demo.email.SendEmail"/>
</testsuite> <!-- com.demo.email.SendEmail -->
