<?xml version="1.0" encoding="UTF-8"?>
<!-- Generated by org.testng.reporters.JUnitReportReporter -->
<testsuite skipped="0" hostname="C100-17" name="com.demo.email.NewTest" tests="1" failures="0" timestamp="02 Aug 2018 06:49:33 GMT" time="0.016" errors="0">
  <testcase name="test" time="0.016" classname="com.demo.email.NewTest"/>
</testsuite> <!-- com.demo.email.NewTest -->
